# JRE version: Java(TM) SE Runtime Environment (7.0_80-b15) (build 1.7.0_80-b15)
# Java VM: Java HotSpot(TM) 64-Bit Server VM (24.80-b11 mixed mode windows-amd64 compressed oops)
Heap
 PSYoungGen      total 160256K, used 28420K [0x00000000eaa80000, 0x00000000f6980000, 0x0000000100000000)
  eden space 134144K, 1% used [0x00000000eaa80000,0x00000000eacc6540,0x00000000f2d80000)
  from space 26112K, 99% used [0x00000000f2d80000,0x00000000f46fac00,0x00000000f4700000)
  to   space 30208K, 0% used [0x00000000f4c00000,0x00000000f4c00000,0x00000000f6980000)
 ParOldGen       total 252928K, used 112751K [0x00000000c0000000, 0x00000000cf700000, 0x00000000eaa80000)
  object space 252928K, 44% used [0x00000000c0000000,0x00000000c6e1bce8,0x00000000cf700000)
 PSPermGen       total 70144K, used 62477K [0x00000000a8000000, 0x00000000ac480000, 0x00000000c0000000)
  object space 70144K, 89% used [0x00000000a8000000,0x00000000abd03750,0x00000000ac480000)
GC Heap History (10 events):
Event: 9514.320 GC heap before
{Heap before GC invocations=57 (full 17):
 PSYoungGen      total 160768K, used 151970K [0x00000000eaa80000, 0x00000000f5880000, 0x0000000100000000)
  eden space 143872K, 100% used [0x00000000eaa80000,0x00000000f3700000,0x00000000f3700000)
  from space 16896K, 47% used [0x00000000f3700000,0x00000000f3ee8bc8,0x00000000f4780000)
  to   space 16384K, 0% used [0x00000000f4880000,0x00000000f4880000,0x00000000f5880000)
 ParOldGen       total 252928K, used 93189K [0x00000000c0000000, 0x00000000cf700000, 0x00000000eaa80000)
  object space 252928K, 36% used [0x00000000c0000000,0x00000000c5b014a0,0x00000000cf700000)
 PSPermGen       total 71168K, used 62432K [0x00000000a8000000, 0x00000000ac580000, 0x00000000c0000000)
  object space 71168K, 87% used [0x00000000a8000000,0x00000000abcf83a0,0x00000000ac580000)
Event: 9514.329 GC heap after
Heap after GC invocations=57 (full 17):
 PSYoungGen      total 159744K, used 8870K [0x00000000eaa80000, 0x00000000f5700000, 0x0000000100000000)
  eden space 144896K, 0% used [0x00000000eaa80000,0x00000000eaa80000,0x00000000f3800000)
  from space 14848K, 59% used [0x00000000f4880000,0x00000000f5129850,0x00000000f5700000)
  to   space 15872K, 0% used [0x00000000f3800000,0x00000000f3800000,0x00000000f4780000)
 ParOldGen       total 252928K, used 93189K [0x00000000c0000000, 0x00000000cf700000, 0x00000000eaa80000)
  object space 252928K, 36% used [0x00000000c0000000,0x00000000c5b014a0,0x00000000cf700000)
 PSPermGen       total 71168K, used 62432K [0x00000000a8000000, 0x00000000ac580000, 0x00000000c0000000)
  object space 71168K, 87% used [0x00000000a8000000,0x00000000abcf83a0,0x00000000ac580000)
}
Event: 9673.592 GC heap before
{Heap before GC invocations=58 (full 17):
 PSYoungGen      total 159744K, used 54122K [0x00000000eaa80000, 0x00000000f5700000, 0x0000000100000000)
  eden space 144896K, 31% used [0x00000000eaa80000,0x00000000ed6b10b8,0x00000000f3800000)
  from space 14848K, 59% used [0x00000000f4880000,0x00000000f5129850,0x00000000f5700000)
  to   space 15872K, 0% used [0x00000000f3800000,0x00000000f3800000,0x00000000f4780000)
 ParOldGen       total 252928K, used 93189K [0x00000000c0000000, 0x00000000cf700000, 0x00000000eaa80000)
  object space 252928K, 36% used [0x00000000c0000000,0x00000000c5b014a0,0x00000000cf700000)
 PSPermGen       total 71168K, used 62451K [0x00000000a8000000, 0x00000000ac580000, 0x00000000c0000000)
  object space 71168K, 87% used [0x00000000a8000000,0x00000000abcfce50,0x00000000ac580000)
Event: 9673.597 GC heap after
Heap after GC invocations=58 (full 17):
 PSYoungGen      total 151552K, used 6553K [0x00000000eaa80000, 0x00000000f5600000, 0x0000000100000000)
  eden space 144896K, 0% used [0x00000000eaa80000,0x00000000eaa80000,0x00000000f3800000)
  from space 6656K, 98% used [0x00000000f3800000,0x00000000f3e666e8,0x00000000f3e80000)
  to   space 15360K, 0% used [0x00000000f4700000,0x00000000f4700000,0x00000000f5600000)
 ParOldGen       total 252928K, used 93189K [0x00000000c0000000, 0x00000000cf700000, 0x00000000eaa80000)
  object space 252928K, 36% used [0x00000000c0000000,0x00000000c5b014a0,0x00000000cf700000)
 PSPermGen       total 71168K, used 62451K [0x00000000a8000000, 0x00000000ac580000, 0x00000000c0000000)
  object space 71168K, 87% used [0x00000000a8000000,0x00000000abcfce50,0x00000000ac580000)
}
Event: 9673.597 GC heap before
{Heap before GC invocations=59 (full 18):
 PSYoungGen      total 151552K, used 6553K [0x00000000eaa80000, 0x00000000f5600000, 0x0000000100000000)
  eden space 144896K, 0% used [0x00000000eaa80000,0x00000000eaa80000,0x00000000f3800000)
  from space 6656K, 98% used [0x00000000f3800000,0x00000000f3e666e8,0x00000000f3e80000)
  to   space 15360K, 0% used [0x00000000f4700000,0x00000000f4700000,0x00000000f5600000)
 ParOldGen       total 252928K, used 93189K [0x00000000c0000000, 0x00000000cf700000, 0x00000000eaa80000)
  object space 252928K, 36% used [0x00000000c0000000,0x00000000c5b014a0,0x00000000cf700000)
 PSPermGen       total 71168K, used 62451K [0x00000000a8000000, 0x00000000ac580000, 0x00000000c0000000)
  object space 71168K, 87% used [0x00000000a8000000,0x00000000abcfce50,0x00000000ac580000)
Event: 9673.819 GC heap after
Heap after GC invocations=59 (full 18):
 PSYoungGen      total 151552K, used 0K [0x00000000eaa80000, 0x00000000f5600000, 0x0000000100000000)
  eden space 144896K, 0% used [0x00000000eaa80000,0x00000000eaa80000,0x00000000f3800000)
  from space 6656K, 0% used [0x00000000f3800000,0x00000000f3800000,0x00000000f3e80000)
  to   space 15360K, 0% used [0x00000000f4700000,0x00000000f4700000,0x00000000f5600000)
 ParOldGen       total 252928K, used 89553K [0x00000000c0000000, 0x00000000cf700000, 0x00000000eaa80000)
  object space 252928K, 35% used [0x00000000c0000000,0x00000000c5774700,0x00000000cf700000)
 PSPermGen       total 70144K, used 62438K [0x00000000a8000000, 0x00000000ac480000, 0x00000000c0000000)
  object space 70144K, 89% used [0x00000000a8000000,0x00000000abcf9880,0x00000000ac480000)
}
Event: 9905.497 GC heap before
{Heap before GC invocations=60 (full 18):
 PSYoungGen      total 151552K, used 144896K [0x00000000eaa80000, 0x00000000f5600000, 0x0000000100000000)
  eden space 144896K, 100% used [0x00000000eaa80000,0x00000000f3800000,0x00000000f3800000)
  from space 6656K, 0% used [0x00000000f3800000,0x00000000f3800000,0x00000000f3e80000)
  to   space 15360K, 0% used [0x00000000f4700000,0x00000000f4700000,0x00000000f5600000)
 ParOldGen       total 252928K, used 89553K [0x00000000c0000000, 0x00000000cf700000, 0x00000000eaa80000)
  object space 252928K, 35% used [0x00000000c0000000,0x00000000c5774700,0x00000000cf700000)
 PSPermGen       total 70144K, used 62464K [0x00000000a8000000, 0x00000000ac480000, 0x00000000c0000000)
  object space 70144K, 89% used [0x00000000a8000000,0x00000000abd002f0,0x00000000ac480000)
Event: 9905.507 GC heap after
Heap after GC invocations=60 (full 18):
 PSYoungGen      total 149504K, used 15354K [0x00000000eaa80000, 0x00000000f6c00000, 0x0000000100000000)
  eden space 134144K, 0% used [0x00000000eaa80000,0x00000000eaa80000,0x00000000f2d80000)
  from space 15360K, 99% used [0x00000000f4700000,0x00000000f55fe9c0,0x00000000f5600000)
  to   space 26112K, 0% used [0x00000000f2d80000,0x00000000f2d80000,0x00000000f4700000)
 ParOldGen       total 252928K, used 112479K [0x00000000c0000000, 0x00000000cf700000, 0x00000000eaa80000)
  object space 252928K, 44% used [0x00000000c0000000,0x00000000c6dd7ce8,0x00000000cf700000)
 PSPermGen       total 70144K, used 62464K [0x00000000a8000000, 0x00000000ac480000, 0x00000000c0000000)
  object space 70144K, 89% used [0x00000000a8000000,0x00000000abd002f0,0x00000000ac480000)
}
Event: 10247.725 GC heap before
{Heap before GC invocations=61 (full 18):
 PSYoungGen      total 149504K, used 149498K [0x00000000eaa80000, 0x00000000f6c00000, 0x0000000100000000)
  eden space 134144K, 100% used [0x00000000eaa80000,0x00000000f2d80000,0x00000000f2d80000)
  from space 15360K, 99% used [0x00000000f4700000,0x00000000f55fe9c0,0x00000000f5600000)
  to   space 26112K, 0% used [0x00000000f2d80000,0x00000000f2d80000,0x00000000f4700000)
 ParOldGen       total 252928K, used 112479K [0x00000000c0000000, 0x00000000cf700000, 0x00000000eaa80000)
  object space 252928K, 44% used [0x00000000c0000000,0x00000000c6dd7ce8,0x00000000cf700000)
 PSPermGen       total 70144K, used 62474K [0x00000000a8000000, 0x00000000ac480000, 0x00000000c0000000)
  object space 70144K, 89% used [0x00000000a8000000,0x00000000abd02b90,0x00000000ac480000)
Event: 10247.735 GC heap after
Heap after GC invocations=61 (full 18):
 PSYoungGen      total 160256K, used 26091K [0x00000000eaa80000, 0x00000000f6980000, 0x0000000100000000)
  eden space 134144K, 0% used [0x00000000eaa80000,0x00000000eaa80000,0x00000000f2d80000)
  from space 26112K, 99% used [0x00000000f2d80000,0x00000000f46fac00,0x00000000f4700000)
  to   space 30208K, 0% used [0x00000000f4c00000,0x00000000f4c00000,0x00000000f6980000)
 ParOldGen       total 252928K, used 112751K [0x00000000c0000000, 0x00000000cf700000, 0x00000000eaa80000)
  object space 252928K, 44% used [0x00000000c0000000,0x00000000c6e1bce8,0x00000000cf700000)
 PSPermGen       total 70144K, used 62474K [0x00000000a8000000, 0x00000000ac480000, 0x00000000c0000000)
  object space 70144K, 89% used [0x00000000a8000000,0x00000000abd02b90,0x00000000ac480000)
}

